<?xml version="1.0" encoding="UTF-8"?>
<!-- Generated by org.testng.reporters.JUnitReportReporter -->
<testsuite hostname="Manishas-MacBook-Pro.local" failures="0" tests="1" name="com.automation.tests.scripts.SaleforceAutomationScripts" time="10.347" errors="0" timestamp="2023-12-17T22:10:29 PST" skipped="0">
  <testcase classname="com.automation.tests.scripts.SaleforceAutomationScripts" name="login_testcase4b" time="10.347"/>
  <system-out/>
</testsuite> <!-- com.automation.tests.scripts.SaleforceAutomationScripts -->
